0:100  0:100  MemLog inited, TSC freq: 2402999960
0:100  0:000  CPU was calibrated with RTC
0:100  0:000  
0:100  0:000  Now is 11.4.2020,  13:34:22 (GMT)
0:100  0:000  Starting Clover revision: 5098+ (master, commit 58649391) on INSYDE Corp. EFI
0:100  0:000  Build with: [Args: -t GCC53 | --conf=/Users/badruzeus/src/Clover/Conf -D USE_LOW_EBDA -a X64 -b RELEASE -t GCC53 -n 5 | OS: 10.13.6]
0:100  0:000  SelfDevicePath=PciRoot(0x0)\Pci(0x1D,0x0)\Pci(0x0,0x0)\NVMe(0x1,64-1C-00-91-86-38-25-00)\HD(1,GPT,CA36D013-7248-4FA3-B885-A6FCB2A1121F,0x800,0xC8000) @77F1EA18
0:100  0:000  SelfDirPath = \EFI\CLOVER
0:101  0:000  SimpleTextEx Status=Success
0:101  0:000  === [ Get Smbios ] ========================================
0:101  0:000  Type 16 Index = 0
0:101  0:000  Total Memory Slots Count = 2
0:101  0:000  Type 17 Index = 0
0:101  0:000  SmbiosTable.Type17->Speed = 2667MHz
0:101  0:000  SmbiosTable.Type17->Size = 8192MB
0:101  0:000  SmbiosTable.Type17->Bank/Device = BANK 0 Bottom-Slot 1 (left)
0:101  0:000  SmbiosTable.Type17->Vendor = Samsung
0:101  0:000  SmbiosTable.Type17->SerialNumber = 1818FDE1
0:101  0:000  SmbiosTable.Type17->PartNumber = M471A1K43CB1-CTD    
0:101  0:000  Type 17 Index = 1
0:101  0:000  SmbiosTable.Type17->Speed = 2667MHz
0:101  0:000  SmbiosTable.Type17->Size = 8192MB
0:101  0:000  SmbiosTable.Type17->Bank/Device = BANK 2 Bottom-Slot 2 (right)
0:101  0:000  SmbiosTable.Type17->Vendor = Samsung
0:101  0:000  SmbiosTable.Type17->SerialNumber = 32A350F8
0:101  0:000  SmbiosTable.Type17->PartNumber = M471A1K43CB1-CTD    
0:101  0:000  Boot status=0
0:101  0:000  Running on: 'HP Pavilion Gaming Laptop 15-dk0xxx' with board '85FC'
0:101  0:000  === [ GetCPUProperties ] ==================================
0:101  0:000  CPU Vendor = 756E6547 Model=906EA
0:101  0:000   The CPU supported SSE4.1
0:101  0:000  BrandString = Intel(R) Core(TM) i5-9300H CPU @ 2.40GHz
0:101  0:000   The CPU supported turbo
0:101  0:000  MSR 0x35               40008
0:101  0:000   TSC/CCC Information Leaf:
0:101  0:000    numerator     : 200
0:101  0:000    denominator   : 2
0:101  0:000   Calibrated ARTFrequency: 24029999
0:101  0:000   Rounded ARTFrequency: 24000000
0:101  0:000  MSR 0xE2 before patch 1E008008
0:101  0:000  MSR 0xE2 is locked, PM patches will be turned on
0:101  0:000  MSR 0xCE              0008083B_F1011800
0:101  0:000  corrected FLEX_RATIO = 0
0:101  0:000  MSR 0x1B0             00000000
0:101  0:000  FSBFrequency = 165 MHz, DMI FSBFrequency = 100 MHz, Corrected FSBFrequency = 100 MHz
0:101  0:000  MaxDiv/MinDiv: 24.0/8
0:101  0:000  Turbo: 40/40/41/41
0:101  0:000  Features: 0xBFEBFBFF
0:101  0:000  Threads: 8
0:101  0:000  Cores: 4
0:101  0:000  FSB: 100 MHz
0:101  0:000  CPU: 3960 MHz
0:101  0:000  TSC: 3960 MHz
0:101  0:000  PIS: 100 MHz
0:101  0:000  ExternalClock: 25 MHz
0:101  0:000  === [ GetDevices ] ========================================
0:101  0:000  GOP found at: <null string>
0:101  0:000  PCI (00|00:00.00) : 8086 3E10 class=060000
0:101  0:000  PCI (00|00:01.00) : 8086 1901 class=060400
0:101  0:000  PCI (00|01:00.00) : 10DE 1F91 class=030000
0:101  0:000   - GFX: Model=Unknown family 167 (NVidia unknown)
0:101  0:000  PCI (00|01:00.01) : 10DE 10FA class=040300
0:101  0:000   - HDMI Audio: 
0:101  0:000  PCI (00|00:02.00) : 8086 3E9B class=030000
0:101  0:000   - GFX: Model=Intel UHD Graphics 630 (Intel)
0:101  0:000  PCI (00|00:04.00) : 8086 1903 class=118000
0:101  0:000  PCI (00|00:08.00) : 8086 1911 class=088000
0:101  0:000  PCI (00|00:12.00) : 8086 A379 class=118000
0:101  0:000  PCI (00|00:14.00) : 8086 A36D class=0C0330
0:101  0:000  PCI (00|00:14.02) : 8086 A36F class=050000
0:101  0:000  PCI (00|00:14.03) : 8086 A370 class=028000
0:101  0:000   - WIFI: Vendor=Intel
0:101  0:000  PCI (00|00:15.00) : 8086 A368 class=0C8000
0:101  0:000  PCI (00|00:16.00) : 8086 A360 class=078000
0:101  0:000  PCI (00|00:17.00) : 8086 282A class=010400
0:101  0:000  PCI (00|00:1D.00) : 8086 A330 class=060400
0:101  0:000  PCI (00|02:00.00) : 144D A808 class=010802
0:101  0:000  PCI (00|00:1D.05) : 8086 A335 class=060400
0:101  0:000  PCI (00|03:00.00) : 10EC 8168 class=020000
0:101  0:000   - LAN: 0 Vendor=Realtek
0:101  0:000  PCI (00|00:1D.06) : 8086 A336 class=060400
0:103  0:001  PCI (00|04:00.00) : 1AEA 6625 class=FF0000
0:103  0:000  PCI (00|00:1F.00) : 8086 A30D class=060100
0:103  0:000  PCI (00|00:1F.03) : 8086 A348 class=040300
0:103  0:000  PCI (00|00:1F.04) : 8086 A323 class=0C0500
0:103  0:000  PCI (00|00:1F.05) : 8086 A324 class=0C8000
0:103  0:000  === [ GetDefaultSettings ] ================================
0:103  0:000  Clover load options size = 0 bytes
0:106  0:003  EFI\CLOVER\config.plist loaded: Success
0:106  0:000  === [ GetListOfThemes ] ===================================
0:106  0:000  - [00]: Catalina
0:107  0:000  === [ Found config plists ] ===============================
0:107  0:000  - config.plist
0:107  0:000  === [ GetEarlyUserSettings ] ==============================
0:107  0:000  timeout set to 3
0:107  0:000  Custom boot CUSTOM_BOOT_THEME (0x0)
0:107  0:000  KernelXCPM: enabled
0:107  0:000  ForceKextsToLoad: 1 requested
0:107  0:000   - [0]: System\Library\Extensions\IONetworkingFamily.kext
0:107  0:000  KextsToPatch: 5 requested
0:107  0:000   - [00]: com.apple.driver.AppleIntelLpssI2C (Prevent Apple I2C kexts from attaching to I2C controllers, credit CoolStar) :: PlistPatch :: data len: 5
0:107  0:000   - [01]: com.apple.driver.AppleIntelLpssI2CController (Prevent Apple I2C kexts from attaching to I2C controllers, credit CoolStar) :: PlistPatch :: data len: 5
0:107  0:000   - [02]: com.apple.iokit.IOAHCIBlockStorage (Enable TRIM for SSD) :: BinPatch :: data len: 11
0:107  0:000   - [03]: com.apple.iokit.IOUSBHostFamily

com.apple.iokit.IOUSBHostFamily

com.apple.iokit.IOUSBHostFamily

com.apple.iokit.IOUSBHostFamily

com.apple.iokit.IOUSBHostFamily (USB Port limit patch #2 10.14.x modify by penghubingzhou) :: MatchOS: 10.15 :: BinPatch :: data len: 4
0:107  0:000   - [04]: com.apple.driver.usb.AppleUSBXHCI (USB Port limit patch #2 10.14.x modify by penghubingzhou) :: MatchOS: 10.15 :: BinPatch :: data len: 4
0:107  0:000  KernelToPatch: 3 requested
0:107  0:000   - [00]: Disable panic kext logging on 10.14 Release kernel (c) vit9696 :: MatchOS: 10.14.x :: data len: 6
0:107  0:000   - [01]: Disable panic kext logging on 10.13 Release kernel :: MatchOS: 10.13.x :: data len: 6
0:107  0:000   - [02]: MSR 0xE2 _xcpm_idle instant reboot(c) Pike R. Alpha :: data len: 8
0:107  0:000  Default theme: Catalina
0:107  0:000  Hiding entries with string Preboot
0:107  0:000  Hiding entries with string Recovery
0:107  0:000  === [ LoadDrivers ] =======================================
0:108  0:000  Loading apfs.efi  status=Success
0:110  0:002   - driver needs connecting
0:110  0:000  Loading ApfsDriverLoader.efi  status=Success
0:112  0:001   - driver needs connecting
0:112  0:000  Loading AptioMemoryFix.efi  status=Success
0:113  0:001  Loading DataHubDxe.efi  status=Success
0:114  0:000  Loading FSInject.efi  status=Success
0:115  0:000  Loading HFSPlus.efi  status=Success
0:116  0:000   - driver needs connecting
0:116  0:000  Loading MemoryAllocation.efi  status=Success
0:117  0:000  Loading NvmExpressDxe.efi  status=Success
0:117  0:000   - driver needs connecting
0:117  0:000  Loading PartitionDxe.efi  status=Success
0:118  0:000   - driver needs connecting
0:118  0:000  Loading VirtualSmc.efi  status=Success
0:120  0:001  5 drivers needs connecting ...
0:120  0:000  PlatformDriverOverrideProtocol->GetDriver overriden
0:120  0:000  Partition driver loaded: 
0:120  0:000  HFS+ driver loaded
0:120  0:000  APFS driver loaded
0:120  0:000  Searching for invalid DiskIo BY_DRIVER connects: not found, all ok
0:459  0:339  === [ InitScreen ] ========================================
0:459  0:000  Console modes reported: 7, available modes:
0:459  0:000   - [01]: 80x25
0:459  0:000   - [02]: 80x50
0:459  0:000   - [03]: 80x25
0:459  0:000   - [04]: 240x56 (current mode)
0:459  0:000   - [05]: 100x31
0:459  0:000   - [06]: 128x40
0:459  0:000   - [07]: 160x53
0:459  0:000  SetMaxResolution: found best mode 0: 1920x1080
0:459  0:000   - already set
0:459  0:000  SetScreenResolution: 1920x1080 - already set
0:459  0:000  reinit: self device path=PciRoot(0x0)\Pci(0x1D,0x0)\Pci(0x0,0x0)\NVMe(0x1,64-1C-00-91-86-38-25-00)\HD(1,GPT,CA36D013-7248-4FA3-B885-A6FCB2A1121F,0x800,0xC8000)
0:460  0:000  === [ GetMacAddress ] =====================================
0:460  0:000  MAC address of LAN #0= F8:B4:6A:17:81:96:
0:460  0:000  === [ ScanSPD ] ===========================================
0:462  0:001  Scanning SMBus [8086:A323], mmio: 0xA4529004, ioport: 0x5040, hostc: 0x11
0:481  0:019  Slot: 0 Type 26 8192MB 2666MHz Vendor=Samsung PartNo=M471A1K43CB1-CTD SerialNo=010801080F0D0E01
0:501  0:020  Slot: 2 Type 26 8192MB 2666MHz Vendor=Samsung PartNo=M471A1K43CB1-CTD SerialNo=03020A0305000F08
0:503  0:001  === [ GetAcpiTablesList ] =================================
0:503  0:000  Get Acpi Tables List from RSDT:
0:503  0:000   - [00]: FACP  SLIC-MPC len=268
0:503  0:000   - [01]: UEFI  85FC     len=566
0:503  0:000   - [02]: SSDT  85FC     len=12742
0:503  0:000   - [03]: SSDT  85FC     len=10052
0:503  0:000   - [04]: SSDT  85FC     len=7007
0:503  0:000   - [05]: SSDT  85FC     len=245
0:503  0:000   - [06]: UEFI  85FC     len=66
0:503  0:000   - [07]: IHIS  85FC     len=56
0:503  0:000   - [08]: SSDT  85FC     len=361
0:503  0:000   - [09]: SSDT  85FC     len=27671
0:503  0:000   - [10]: MSDM  SLIC-MPC len=85
0:503  0:000   - [11]: SSDT  85FC     len=16640
0:503  0:000   - [12]: LPIT  85FC     len=148
0:503  0:000   - [13]: WSMT  85FC     len=40
0:503  0:000   - [14]: SSDT  85FC     len=3119
0:503  0:000   - [15]: SSDT  85FC     len=5279
0:503  0:000   - [16]: DBGP  85FC     len=52
0:503  0:000   - [17]: DBG2  85FC     len=84
0:503  0:000   - [18]: SSDT  85FC     len=6603
0:503  0:000   - [19]: ASF!  85FC     len=165
0:503  0:000   - [20]: ECDT  85FC     len=105
0:503  0:000   - [21]: HPET  85FC     len=56
0:503  0:000   - [22]: APIC  85FC     len=300
0:503  0:000   - [23]: MCFG  85FC     len=60
0:503  0:000   - [24]: SSDT  85FC     len=394
0:503  0:000   - [25]: SSDT  85FC     len=3902
0:503  0:000   - [26]: DMAR  85FC     len=168
0:503  0:000   - [27]: SSDT  85FC     len=9618
0:503  0:000   - [28]: UEFI  85FC     len=1594
0:503  0:000   - [29]: UEFI  85FC     len=92
0:503  0:000   - [30]: SSDT  85FC     len=353
0:503  0:000   - [31]: FPDT  85FC     len=68
0:503  0:000   - [32]: BGRT  85FC     len=56
0:503  0:000  Calibrated TSC Frequency = 2402999960 = 2402MHz
0:503  0:000  === [ GetUserSettings ] ===================================
0:503  0:000  Add 2 devices:
0:503  0:000  USB FixOwnership: yes
0:503  0:000  Dropping 2 tables:
0:503  0:000   - [00]: Drop table  signature="#MCF" (46434D23)
0:503  0:000           - set table: 46434D23,                0 to drop: no
0:503  0:000   - [01]: Drop table  signature="DMAR" (52414D44)
0:503  0:000           - set table: 52414D44,                0 to drop: yes
0:503  0:000   - final DSDT Fix mask=504611D3
0:503  0:000  PatchesDSDT: 23 requested
0:503  0:000   - [00]: (change HDAS to HDEF) lenToFind: 4, lenToReplace: 4, Target Bridge: <null string>
0:503  0:000   - [01]: (change HECI to IMEI) lenToFind: 4, lenToReplace: 4, Target Bridge: <null string>
0:503  0:000   - [02]: (change GFX0 to IGPU) lenToFind: 4, lenToReplace: 4, Target Bridge: <null string>
0:503  0:000   - [03]: (Change _OSI to XOSI) lenToFind: 4, lenToReplace: 4, Target Bridge: <null string>
0:503  0:000   - [04]: (Change _DSM to XDSM) lenToFind: 4, lenToReplace: 4, Target Bridge: <null string>
0:503  0:000   - [05]: (Change SAT0 to SATA) lenToFind: 4, lenToReplace: 4, Target Bridge: <null string>
0:503  0:000   - [06]: (Change EC0 to EC) lenToFind: 4, lenToReplace: 4, Target Bridge: <null string>
0:503  0:000   - [07]: (Change Method(_Q11,0,N) to XQ11) lenToFind: 4, lenToReplace: 4, Target Bridge: <null string>
0:503  0:000   - [08]: (Change Method(_Q12,0,N) to XQ12) lenToFind: 4, lenToReplace: 4, Target Bridge: <null string>
0:503  0:000   - [09]: (Change Method(GPRW,2,N) to XPRW) lenToFind: 5, lenToReplace: 5, Target Bridge: <null string>
0:503  0:000   - [10]: (change Method(_PTS,1,N) to ZPTS, pair with SSDT-PTSWAK.aml) lenToFind: 5, lenToReplace: 5, Target Bridge: <null string>
0:503  0:000   - [11]: (change Method(_WAK,1,S) to ZWAK, pair with SSDT-PTSWAK.aml) lenToFind: 5, lenToReplace: 5, Target Bridge: <null string>
0:503  0:000   - [12]: (change _STA  to XSTA) lenToFind: 4, lenToReplace: 4, Target Bridge: RTC_
0:503  0:000   - [13]: (Rename EHC1 to EH01 (USB)) lenToFind: 4, lenToReplace: 4, Target Bridge: <null string>
0:503  0:000   - [14]: (Rename EHC2 to EH02 (USB)) lenToFind: 4, lenToReplace: 4, Target Bridge: <null string>
0:503  0:000   - [15]: (Rename EUSB to EH01 (USB)) lenToFind: 4, lenToReplace: 4, Target Bridge: <null string>
0:503  0:000   - [16]: (Rename USBE to EH02 (USB)) lenToFind: 4, lenToReplace: 4, Target Bridge: <null string>
0:503  0:000   - [17]: (Rename XHCI to XHC (USB)) lenToFind: 4, lenToReplace: 4, Target Bridge: <null string>
0:503  0:000   - [18]: (Rename XHC1 to XHC (USB)) lenToFind: 4, lenToReplace: 4, Target Bridge: <null string>
0:503  0:000   - [19]: (Rename H_EC to EC (USB Power)) lenToFind: 4, lenToReplace: 4, Target Bridge: <null string>
0:503  0:000   - [20]: (Rename ECDV to EC (USB Power)) lenToFind: 4, lenToReplace: 4, Target Bridge: <null string>
0:503  0:000   - [21]: (Rename LPC to LPCB (Power)) lenToFind: 4, lenToReplace: 4, Target Bridge: <null string>
0:503  0:000   - [22]: (change AZAL to HDEF) lenToFind: 4, lenToReplace: 4, Target Bridge: <null string>
0:503  0:000  EnableC6: no
0:503  0:000  EnableC4: no
0:503  0:000  EnableC2: no
0:503  0:000  MinMultiplier: 7
0:503  0:000  PluginType: 1
0:503  0:000  smartUPS: present
0:503  0:000  Using ProductName from config: MacBookPro16,1
0:503  0:000  Using latest BiosVersion from config
0:503  0:000  BiosVersion: MBP161.88Z.F000.B00.2003070323
0:503  0:000  BiosReleaseDate: 03/07/2020
0:503  0:000  Using latest EfiVersion from config: 1037.100.355.0.0
0:503  0:000  Using FirmwareFeatures from config: 0xFC0FE137
0:503  0:000  Using FirmwareFeaturesMask from config: 0xFF1FFF3F
0:503  0:000  Board-ID set from config as Mac-E1008331FDC96864
0:503  0:000  BoardType: 0xA
0:503  0:000  ChassisType: 0x9
0:503  0:000  QEMU: true
0:503  0:000  Converted CustomUUID 8804E7FC-D90B-4B86-8AD7-2AF567BB8C40
0:503  0:000  Set MaxRatio for QEMU: 12
0:503  0:000  === [ Found DSDT tables ] =================================
1:674  1:170  === [ ScanVolumes ] =======================================
1:674  0:000  Found 16 volumes with blockIO
1:674  0:000  - [00]: Volume: PciRoot(0x0)\Pci(0x17,0x0)\Sata(0x1,0x8000,0x0)
1:674  0:000          Result of bootcode detection: bootable unknown (legacy)
1:674  0:000  - [01]: Volume: PciRoot(0x0)\Pci(0x1D,0x0)\Pci(0x0,0x0)\NVMe(0x1,64-1C-00-91-86-38-25-00)
1:674  0:000  - [02]: Volume: PciRoot(0x0)\Pci(0x1D,0x0)\Pci(0x0,0x0)\NVMe(0x1,64-1C-00-91-86-38-25-00)\HD(1,GPT,CA36D013-7248-4FA3-B885-A6FCB2A1121F,0x800,0xC8000)
1:674  0:000          Result of bootcode detection: bootable Windows (win)
1:675  0:000          This is SelfVolume !!
1:675  0:000  - [03]: Volume: PciRoot(0x0)\Pci(0x1D,0x0)\Pci(0x0,0x0)\NVMe(0x1,64-1C-00-91-86-38-25-00)\HD(2,GPT,E61BB2CE-2D84-43EF-BD75-842CA1842F05,0xC8800,0x40000)
1:675  0:000  - [04]: Volume: PciRoot(0x0)\Pci(0x1D,0x0)\Pci(0x0,0x0)\NVMe(0x1,64-1C-00-91-86-38-25-00)\HD(3,GPT,0ECF9D7E-02A6-4198-A038-BC407FC9460A,0x143000,0x1717B000)
1:675  0:000          Result of bootcode detection: bootable Windows (vista,win)
1:675  0:000  - [05]: Volume: PciRoot(0x0)\Pci(0x1D,0x0)\Pci(0x0,0x0)\NVMe(0x1,64-1C-00-91-86-38-25-00)\HD(4,GPT,2044D26A-1F80-436D-B7A4-2E0B21D120F6,0x172BE500,0xDB8EB00)
1:675  0:000          Result of bootcode detection: bootable Windows (vista,win)
1:675  0:000  - [06]: Volume: PciRoot(0x0)\Pci(0x1D,0x0)\Pci(0x0,0x0)\NVMe(0x1,64-1C-00-91-86-38-25-00)\HD(5,GPT,399E5D6B-E792-468C-6A35-7D83569C3704,0x24E4D000,0x1676BB90)
1:675  0:000          Result of bootcode detection: bootable unknown (legacy)
1:675  0:000  - [07]: Volume: PciRoot(0x0)\Pci(0x1D,0x0)\Pci(0x0,0x0)\NVMe(0x1,64-1C-00-91-86-38-25-00)\HD(6,GPT,6B9B96FE-F93E-4497-A7E7-38F138936181,0x3B5B9000,0x428000)
1:675  0:000          Result of bootcode detection: bootable unknown (legacy)
1:675  0:000  - [08]: Volume: PciRoot(0x0)\Pci(0x17,0x0)\Sata(0x1,0x8000,0x0)\HD(1,MBR,0x7027B3DA,0x40,0x4CCD21CE)
1:676  0:000          Result of bootcode detection: bootable Windows (vista,win)
1:676  0:000  - [09]: Volume: PciRoot(0x0)\Pci(0x17,0x0)\Sata(0x1,0x8000,0x0)\HD(2,MBR,0x7027B3DA,0x4CCD2210,0x13856E30)
1:676  0:000          Result of bootcode detection: bootable Windows (vista,win)
1:676  0:000  - [10]: Volume: PciRoot(0x0)\Pci(0x17,0x0)\Sata(0x1,0x8000,0x0)\HD(3,MBR,0x7027B3DA,0x60529040,0x141DDD4F)
1:676  0:000          Result of bootcode detection: bootable Windows (vista,win)
1:676  0:000  - [11]: Volume: PciRoot(0x0)\Pci(0x1D,0x0)\Pci(0x0,0x0)\NVMe(0x1,64-1C-00-91-86-38-25-00)\HD(5,GPT,399E5D6B-E792-468C-6A35-7D83569C3704,0x24E4D000,0x1676BB90)\VenMedia(BE74FCF7-0B7C-49F3-9147-01F4042E6842,13F76AADA6375A42984F8F1DC4D6D7F2)
1:676  0:000          hiding this volume
1:676  0:000  - [12]: Volume: PciRoot(0x0)\Pci(0x1D,0x0)\Pci(0x0,0x0)\NVMe(0x1,64-1C-00-91-86-38-25-00)\HD(5,GPT,399E5D6B-E792-468C-6A35-7D83569C3704,0x24E4D000,0x1676BB90)\VenMedia(BE74FCF7-0B7C-49F3-9147-01F4042E6842,C14DF1052F7FB848B6B460356E7FB766)
1:676  0:000  - [13]: Volume: PciRoot(0x0)\Pci(0x1D,0x0)\Pci(0x0,0x0)\NVMe(0x1,64-1C-00-91-86-38-25-00)\HD(5,GPT,399E5D6B-E792-468C-6A35-7D83569C3704,0x24E4D000,0x1676BB90)\VenMedia(BE74FCF7-0B7C-49F3-9147-01F4042E6842,B50E91FE8F33FF4BA9F7DD378E87D42F)
1:676  0:000          hiding this volume
1:676  0:000  - [14]: Volume: PciRoot(0x0)\Pci(0x1D,0x0)\Pci(0x0,0x0)\NVMe(0x1,64-1C-00-91-86-38-25-00)\HD(5,GPT,399E5D6B-E792-468C-6A35-7D83569C3704,0x24E4D000,0x1676BB90)\VenMedia(BE74FCF7-0B7C-49F3-9147-01F4042E6842,295C7CFF3F32584288B952634AE4AE3A)
1:676  0:000  - [15]: Volume: PciRoot(0x0)\Pci(0x1D,0x0)\Pci(0x0,0x0)\NVMe(0x1,64-1C-00-91-86-38-25-00)\HD(5,GPT,399E5D6B-E792-468C-6A35-7D83569C3704,0x24E4D000,0x1676BB90)\VenMedia(BE74FCF7-0B7C-49F3-9147-01F4042E6842,43F593E86D49D64683196D7EC14D9E2A)
1:677  0:000  No AudioIoProtocols, status=Not Found
1:677  0:000  === [ InitTheme ] =========================================
1:677  0:000  use daylight theme
1:686  0:009  Using theme 'Catalina' (EFI\CLOVER\themes\Catalina)
1:686  0:000  OS main and drive as badge
1:687  0:001    Channels: 1  Sample rate: 44100 Hz  Bits: 16
1:687  0:000  output to channel 0 with volume 70, len=228736
1:687  0:000   sound channels=1 bits=16 freq=44100
1:687  0:000  not found AudioIo to play
1:687  0:000  free sound
1:687  0:000  sound play end with status=Not Found
1:688  0:001  Loading font from ThemeDir: Success
1:689  0:000  theme inited
1:689  0:000  Chosen theme Catalina
1:689  0:000  found boot-args in NVRAM:, size=1
1:689  0:000  after NVRAM boot-args=dart=0 darkwake=10
1:689  0:000  === [ Dump SMC keys from NVRAM ] ==========================
1:689  0:000  found AppleSMC protocol
1:691  0:002  === [ ScanLoader ] ========================================
1:691  0:000  - [02]: 'EFI'
1:693  0:001          AddLoaderEntry for Volume Name=EFI
1:696  0:002          AddLoaderEntry for Volume Name=EFI
1:696  0:000          skipped because entry is hidden
1:696  0:000  - [11]: 'Preboot', hidden
1:696  0:000  - [12]: 'Macintosh HD - pn'
1:697  0:001  - [13]: 'Recovery', hidden
1:697  0:000  - [14]: 'VM'
1:697  0:000  - [15]: 'Macintosh HD'
1:702  0:004          AddLoaderEntry for Volume Name=Macintosh HD
1:705  0:002      hibernated: set as never
1:706  0:000          [!] Icon 18 (icons\vol_internal_apfs.icns) not found (path: EFI\CLOVER\themes\Catalina)
1:707  0:001  === [ AddCustomTool ] =====================================
1:708  0:000  found tool \EFI\CLOVER\tools\Shell64U.efi
1:708  0:000  Checking EFI partition Volume 2 for Clover
1:708  0:000   Found Clover
1:710  0:002  === [ GetEfiBootDeviceFromNvram ] =========================
1:711  0:000   - efi-boot-device-data: PciRoot(0x0)\Pci(0x1D,0x0)\Pci(0x0,0x0)\NVMe(0x1,64-1C-00-91-86-38-25-00)\HD(5,GPT,399E5D6B-E792-468C-6A35-7D83569C3704,0x24E4D000,0x1676BB90)\VenMedia(BE74FCF7-0B7C-49F3-9147-01F4042E6842,43F593E86D49D64683196D7EC14D9E2A)
1:711  0:000    - Volume: 'PciRoot(0x0)\Pci(0x1D,0x0)\Pci(0x0,0x0)\NVMe(0x1,64-1C-00-91-86-38-25-00)\HD(5,GPT,399E5D6B-E792-468C-6A35-7D83569C3704,0x24E4D000,0x1676BB90)\VenMedia(BE74FCF7-0B7C-49F3-9147-01F4042E6842,43F593E86D49D64683196D7EC14D9E2A)'
1:711  0:000    - LoaderPath: '<null string>'
1:711  0:000    - Guid = 399E5D6B-E792-468C-6A35-7D83569C3704
1:711  0:000  === [ FindStartupDiskVolume ] =============================
1:711  0:000    - Volume: partition = PciRoot(0x0)\Pci(0x1D,0x0)\Pci(0x0,0x0)\NVMe(0x1,64-1C-00-91-86-38-25-00)\HD(5,GPT,399E5D6B-E792-468C-6A35-7D83569C3704,0x24E4D000,0x1676BB90)\VenMedia(BE74FCF7-0B7C-49F3-9147-01F4042E6842,43F593E86D49D64683196D7EC14D9E2A)
1:711  0:000     - searching for that partition
1:711  0:000      - found entry 1. 'Macintosh HD', Volume 'Macintosh HD'
1:711  0:000  Boot redirected to Entry 1. 'Macintosh HD'
1:711  0:000  DefaultIndex=1 and MainMenu.EntryCount=8
1:912  0:201  GUI ready
11:181  9:268  exit from MainMenu 1
11:181  0:000  BootVariable of the entry is empty
11:181  0:000  === [ StartLoader ] =======================================
11:181  0:000  Finally: ExternalClock=201MHz BusSpeed=200250kHz CPUFreq=2403MHz PIS: hw.busfrequency=804000000Hz
11:181  0:000  Loading boot.efi  status=Success
11:213  0:031  GetOSVersion: 10.15.4 (19E287)
11:213  0:000  CSR_CFG: CSR_ALLOW_UNTRUSTED_KEXTS | CSR_ALLOW_UNRESTRICTED_FS | CSR_ALLOW_TASK_FOR_PID | CSR_ALLOW_UNRESTRICTED_DTRACE | CSR_ALLOW_UNRESTRICTED_NVRAM
11:213  0:000  Filtering KextPatches:
11:213  0:000   - [00]: com.apple.driver.AppleIntelLpssI2C (Prevent Apple I2C kexts from attaching to I2C controllers, credit CoolStar) :: PlistPatch :: [OS: 10.15.4 | MatchOS: All | MatchBuild: All] ==> allowed
11:213  0:000   - [01]: com.apple.driver.AppleIntelLpssI2CController (Prevent Apple I2C kexts from attaching to I2C controllers, credit CoolStar) :: PlistPatch :: [OS: 10.15.4 | MatchOS: All | MatchBuild: All] ==> allowed
11:213  0:000   - [02]: com.apple.iokit.IOAHCIBlockStorage (Enable TRIM for SSD) :: BinPatch :: [OS: 10.15.4 | MatchOS: All | MatchBuild: All] ==> allowed
11:213  0:000   - [03]: com.apple.iokit.IOUSBHostFamily

com.apple.iokit.IOUSBHostFamily

com.apple.iokit.IOUSBHostFamily

com.apple.iokit.IOUSBHostFamily

com.apple.iokit.IOUSBHostFamily (USB Port limit patch #2 10.14.x modify by penghubingzhou) :: BinPatch :: [OS: 10.15.4 | MatchOS: 10.15 | MatchBuild: All] ==> not allowed
11:213  0:000   - [04]: com.apple.driver.usb.AppleUSBXHCI (USB Port limit patch #2 10.14.x modify by penghubingzhou) :: BinPatch :: [OS: 10.15.4 | MatchOS: 10.15 | MatchBuild: All] ==> not allowed
11:213  0:000  Filtering KernelPatches:
11:213  0:000   - [00]: Disable panic kext logging on 10.14 Release kernel (c) vit9696 :: [OS: 10.15.4 | MatchOS: 10.14.x | MatchBuild: no] ==> not allowed by OS
11:213  0:000   - [01]: Disable panic kext logging on 10.13 Release kernel :: [OS: 10.15.4 | MatchOS: 10.13.x | MatchBuild: no] ==> not allowed by OS
11:213  0:000   - [02]: MSR 0xE2 _xcpm_idle instant reboot(c) Pike R. Alpha :: [OS: 10.15.4 | MatchOS: All | MatchBuild: no] ==> allowed by OS
11:213  0:000  Will not patch boot.efi
11:213  0:000  === [ PatchSmbios ] =======================================
11:213  0:000  insert table 9 for dev 0:0
11:213  0:000  insert table 9 for dev 0:1
11:213  0:000  insert table 9 for dev 0:0
11:213  0:000  insert table 9 for dev 14:3
11:213  0:000  Table 11 present, but rewritten for us
11:213  0:000  Trusting SMBIOS...
11:213  0:000  Detected alternating SMBIOS channel banks
11:213  0:000  Channels: 2
11:213  0:000  Interleave: 0 2 1 3 4 6 5 7 8 10 9 11 12 14 13 15 16 18 17 19 20 22 21 23
11:213  0:000   partNum=M471A1K43CB1-CTD    
11:213  0:000  SMBIOS Type 17 Index = 0 => 0 0:
11:213  0:000  BANK 0 DIMM0 2667MHz 8192MB
11:213  0:000   partNum=M471A1K43CB1-CTD    
11:213  0:000  SMBIOS Type 17 Index = 1 => 1 2:
11:213  0:000  BANK 1 DIMM0 2667MHz 8192MB
11:213  0:000  mTotalSystemMemory = 16384
11:213  0:000  NumberOfMemoryDevices = 2
11:213  0:000  Type20[0]->End = 0x7FFFFF, Type17[0] = 0x2000
11:213  0:000  Type20[1]->End = 0x7FFFFF, Type17[1] = 0x6000
11:213  0:000  Table 131 is present, CPUType=31
11:213  0:000  Change to: 605
11:213  0:000  === [ PatchACPI ] =========================================
11:213  0:000  Xsdt reallocation done
11:213  0:000  old FADT length=10C
11:213  0:000   SignatureFixup: 0xD1D6D324 -> 0x0
11:213  0:000  Found OperationRegion(GNVS, SystemMemory, 89BF1018, ...)
11:213  0:000  Found OperationRegion(OGNS, SystemMemory, 89BF1E98, ...)
11:213  0:000  Found OperationRegion(MDBG, SystemMemory, 89BD9018, ...)
11:213  0:000  Found OperationRegion(PNVA, SystemMemory, 89BF7018, ...)
11:213  0:000  Found OperationRegion(THBA, SystemMemory, FE200000, ...)
11:215  0:001  Found OperationRegion(BNVS, SystemMemory, 89BF0000, ...)
11:215  0:000  Found OperationRegion(ECMM, SystemMemory, FC7E0800, ...)
11:215  0:000  Found OperationRegion(ECCD, SystemMemory, FC7E0800, ...)
11:215  0:000  Found OperationRegion(USEC, SystemMemory, FC7E0250, ...)
11:215  0:000  Apply DsdtFixMask=0x504611D3
11:215  0:000     drop _DSM mask=0xFFFF
11:215  0:000  === [ FixBiosDsdt ] =======================================
11:217  0:001  Patching DSDT:
11:217  0:000   - [change HDAS to HDEF]: pattern 48444153, patched at: [ (49A) (12) (12) (F3C) (63C8) (87) (3F) (66) (A4) (15) (DB) (89) (1203A) (F857) (1BD9) (9DDB) (8FCC) ]
11:217  0:000   - [change HECI to IMEI]: pattern 48454349, patched at: [ (145E) (1152D) (3E) (71EC) (F793) (21B7) ]
11:218  0:000   - [change GFX0 to IGPU]: pattern 47465830, patched at: [ (52) (E) (12) (12) (12) (70) (12) (12) (E6A) (46) (12) (5B0) (55) (2A66) (117F8) (32) (6C5) (30) (1FCC) (1BA1) (14) (F5F8) (1D8D) (13B3E) (D) (10) (C) (F) (80) (D) (10) (10DF) (38) (4D) (F) (8) ]
11:218  0:000   - [Change _OSI to XOSI]: pattern 5F4F5349, patched at: [ (16729) (3) (18) (1C) (1C) (1A) (18) (18) (18) (18) (18) (18) (18) (157D) (28BCB) ]
11:218  0:000   - [Change _DSM to XDSM]: pattern 5F44534D, patched at: [ (40A2) (2463) (6B) (4E9) (B) (952) (5ED) (11) (6B) (22) (22) (3C) (18) (36) (9AB) (43B) (43B) (43B) (43B) (43B) (43B) (43B) (43B) (43B) (43B) (43B) (43B) (44E) (427) (43B) (43B) (43B) (43B) (43B) (43B) (43B) (43B) (43B) (2C7) (273C) (E3) (E3) (60E) (C0) (C0) (C0) (C0) (C0) (C0) (C0) (C0) (FC) (106) (106) (42B) (2D7) (9E) (92) (A1) (2954) (209E) (351F) (BB1) (BB1) (BB1) (BB1) (BB1) (BB1) (BB1) (BB1) (BB1) (BB1) (BB1) (BB1) (BB1) (BB1) (BB1) (BB1) (BB1) (BB1) (BB1) (3526) (292F) (2E4) (2E3) (2E3) (2EC) (283) (284) (284) (553) (979) (97C) (97C) (6E7) (1F0) (14D) (913) (350) (BE) (33C) (350) (BE) (33C) (350) (BE) (1B6) (102) (110) (A034) (283) (819) ]
11:219  0:000   - [Change SAT0 to SATA]: pattern 53415430, patched at: [ (B4A) (12) (1CA) (16) (16) (16) (16) (16) (16) (16) (16) (16) (16) (16) (5CC) (CF) (16) (16) (16) (16) (16) (169) (D22C) (10C) (2213) (27) (28) (28) (28) (28) (28) (29) (29) (29) (29) (29) (31) (27) (28) (28) (28) (28) (28) (29) (29) (29) (29) (29) (8B4A) (2C6) (F35C) (1BE5) (21) (12F) (4D1) (1CF) (20) (20) (20) (20) (20) (D9) (20) (20) (20) (20) (20) (2D) (29) (2E) (2E) (2E) (129AA) (4A) (4A) (4A) (4A) (4A) (2AB2) ]
11:219  0:000   - [Change EC0 to EC]: pattern 4543305F, patched at: [ (6AE1) (EB46) (17) (1B) (1B) (1B) (2C) (7E4) (2E) (1B) (24) (34) (30) (1626) (15) (39) (33) (15A) (1E) (15) (15) (15) (16) (15) (1A) (16) (20) (4F) (30) (15) (18) (15) (16) (15) (1A) (1A) (26BFE) (1C0) (9FA) (10) (135D) (DF) (E) (10) (F) (10) (15) (18) (B) (163) (11) (D) (11) (B) (B) (2A) (15) (13) (28) (31) (BB) (30) (1C) (A) (F9) ]
11:220  0:000   - [Change Method(_Q11,0,N) to XQ11]: pattern 5F513131, patched at: [ (3FBBC) ]
11:220  0:000   - [Change Method(_Q12,0,N) to XQ12]: pattern 5F513132, patched at: [ (3FBF8) ]
11:220  0:000   - [Change Method(GPRW,2,N) to XPRW]: pattern 47505257, patched at: [ (17165) ]
11:221  0:000   - [change Method(_PTS,1,N) to ZPTS, pair with SSDT-PTSWAK.aml]: pattern 5F505453, patched at: [ (1552D) ]
11:221  0:000   - [change Method(_WAK,1,S) to ZWAK, pair with SSDT-PTSWAK.aml]: pattern 5F57414B, patched at: [ (157DA) ]
11:221  0:000   - [change _STA  to XSTA]: - [Rename EHC1 to EH01 (USB)]: pattern 45484331, bin not found / already patched!
11:223  0:001   - [Rename EHC2 to EH02 (USB)]: pattern 45484332, bin not found / already patched!
11:223  0:000   - [Rename EUSB to EH01 (USB)]: pattern 45555342, bin not found / already patched!
11:223  0:000   - [Rename USBE to EH02 (USB)]: pattern 55534245, bin not found / already patched!
11:224  0:000   - [Rename XHCI to XHC (USB)]: pattern 58484349, patched at: [ (6A6F) ]
11:224  0:000   - [Rename XHC1 to XHC (USB)]: pattern 58484331, bin not found / already patched!
11:224  0:000   - [Rename H_EC to EC (USB Power)]: pattern 485F4543, bin not found / already patched!
11:225  0:000   - [Rename ECDV to EC (USB Power)]: pattern 45434456, bin not found / already patched!
11:225  0:000   - [Rename LPC to LPCB (Power)]: pattern 4C50435F, patched at: [ (6525) (8) ]
11:225  0:000   - [change AZAL to HDEF]: pattern 415A414C, bin not found / already patched!
11:226  0:000    0 replacements
11:227  0:001  found RTC Length not match, Maybe will cause CMOS reset, will patch it.
11:228  0:000  found RTC had IRQNoFlag will move -3 bytes
11:228  0:000  found PIC had IRQNoFlag will move -3 bytes
11:228  0:000  Start HPET Fix
11:230  0:001  Start Display0 Fix
11:230  0:000  Found internal video device 0 @4055
11:230  0:000  Skipping Method(_DSM) for 10DE card
11:230  0:000  patch Display #0 of Vendor=0x10DE
11:231  0:001   deleting device CRT_
11:232  0:000   deleting device DVI_
11:233  0:000   deleting device SPKR
11:233  0:000   deleting device ECP_
11:234  0:000   deleting device LPT_
11:235  0:000   deleting device FDC0
11:235  0:000   deleting device ECP1
11:236  0:000   deleting device LPT1
11:237  0:000    indirect name=PNVB
11:237  0:000  OperationRegion (THBA...) corrected from 0x0 to addr=0xFE200000
11:237  0:000    indirect name=TNVB
11:237  0:000  Start Mutex Fix
11:240  0:002  PreCleanup XSDT: count=33, length=300
11:240  0:000  PreCleanup XSDT, corrected XSDT: count=33, length=300
11:240  0:000  === [ ACPIPatchedAML ] ====================================
11:240  0:000  AutoMerge pass 1
11:240  0:000  Unsorted
11:240  0:000  Inserting SSDT-pav15.aml from EFI\CLOVER\ACPI\patched: ignore on pass 1
11:240  0:000  Inserting SSDT-NVME.aml from EFI\CLOVER\ACPI\patched: ignore on pass 1
11:240  0:000  === [ ACPIDropTables ] ====================================
11:240  0:000  Drop tables from XSDT, SIGN=DMAR TableID=85FC     Length=168
11:240  0:000   Table[26]: DMAR  85FC      168 dropped
11:240  0:000  Patching SSDT 85FC     Length=12742
11:240  0:000  0. [change HDAS to HDEF]: pattern 48444153, bin not found / already patched!
11:240  0:000  1. [change HECI to IMEI]: pattern 48454349, bin not found / already patched!
11:240  0:000  2. [change GFX0 to IGPU]: pattern 47465830, patched at: [ (2D) (3A) (46) (2C1) (1C9A) (A3A) (1D) (6AF) ]
11:240  0:000  3. [Change _OSI to XOSI]: pattern 5F4F5349, bin not found / already patched!
11:240  0:000  4. [Change _DSM to XDSM]: pattern 5F44534D, patched at: [ (2C92) (4D2) ]
11:240  0:000  5. [Change SAT0 to SATA]: pattern 53415430, bin not found / already patched!
11:240  0:000  6. [Change EC0 to EC]: pattern 4543305F, bin not found / already patched!
11:240  0:000  7. [Change Method(_Q11,0,N) to XQ11]: pattern 5F513131, bin not found / already patched!
11:240  0:000  8. [Change Method(_Q12,0,N) to XQ12]: pattern 5F513132, bin not found / already patched!
11:240  0:000  9. [Change Method(GPRW,2,N) to XPRW]: pattern 47505257, bin not found / already patched!
11:240  0:000  10. [change Method(_PTS,1,N) to ZPTS, pair with SSDT-PTSWAK.aml]: pattern 5F505453, bin not found / already patched!
11:240  0:000  11. [change Method(_WAK,1,S) to ZWAK, pair with SSDT-PTSWAK.aml]: pattern 5F57414B, bin not found / already patched!
11:240  0:000  12. [change _STA  to XSTA]: pattern 5F535441, patched at: [ (313F) ]
11:240  0:000  13. [Rename EHC1 to EH01 (USB)]: pattern 45484331, bin not found / already patched!
11:240  0:000  14. [Rename EHC2 to EH02 (USB)]: pattern 45484332, bin not found / already patched!
11:240  0:000  15. [Rename EUSB to EH01 (USB)]: pattern 45555342, bin not found / already patched!
11:240  0:000  16. [Rename USBE to EH02 (USB)]: pattern 55534245, bin not found / already patched!
11:240  0:000  17. [Rename XHCI to XHC (USB)]: pattern 58484349, bin not found / already patched!
11:240  0:000  18. [Rename XHC1 to XHC (USB)]: pattern 58484331, bin not found / already patched!
11:240  0:000  19. [Rename H_EC to EC (USB Power)]: pattern 485F4543, bin not found / already patched!
11:240  0:000  20. [Rename ECDV to EC (USB Power)]: pattern 45434456, bin not found / already patched!
11:240  0:000  21. [Rename LPC to LPCB (Power)]: pattern 4C50435F, bin not found / already patched!
11:240  0:000  22. [change AZAL to HDEF]: pattern 415A414C, bin not found / already patched!
11:240  0:000    0 replacements
11:240  0:000  Found OperationRegion(SANV, SystemMemory, 89BF7418, ...)
11:240  0:000  Patching SSDT 85FC     Length=10052
11:240  0:000  0. [change HDAS to HDEF]: pattern 48444153, bin not found / already patched!
11:240  0:000  1. [change HECI to IMEI]: pattern 48454349, bin not found / already patched!
11:240  0:000  2. [change GFX0 to IGPU]: pattern 47465830, bin not found / already patched!
11:240  0:000  3. [Change _OSI to XOSI]: pattern 5F4F5349, bin not found / already patched!
11:240  0:000  4. [Change _DSM to XDSM]: pattern 5F44534D, patched at: [ (658) (5EF) (3B6) ]
11:240  0:000  5. [Change SAT0 to SATA]: pattern 53415430, bin not found / already patched!
11:240  0:000  6. [Change EC0 to EC]: pattern 4543305F, patched at: [ (3E4) (2034) (D6) ]
11:240  0:000  7. [Change Method(_Q11,0,N) to XQ11]: pattern 5F513131, bin not found / already patched!
11:240  0:000  8. [Change Method(_Q12,0,N) to XQ12]: pattern 5F513132, bin not found / already patched!
11:240  0:000  9. [Change Method(GPRW,2,N) to XPRW]: pattern 47505257, bin not found / already patched!
11:240  0:000  10. [change Method(_PTS,1,N) to ZPTS, pair with SSDT-PTSWAK.aml]: pattern 5F505453, bin not found / already patched!
11:240  0:000  11. [change Method(_WAK,1,S) to ZWAK, pair with SSDT-PTSWAK.aml]: pattern 5F57414B, bin not found / already patched!
11:240  0:000  12. [change _STA  to XSTA]: pattern 5F535441, patched at: [ (886) (B1) (95) (9) (8C) (9) (9) ]
11:240  0:000  13. [Rename EHC1 to EH01 (USB)]: pattern 45484331, bin not found / already patched!
11:241  0:000  14. [Rename EHC2 to EH02 (USB)]: pattern 45484332, bin not found / already patched!
11:241  0:000  15. [Rename EUSB to EH01 (USB)]: pattern 45555342, bin not found / already patched!
11:241  0:000  16. [Rename USBE to EH02 (USB)]: pattern 55534245, bin not found / already patched!
11:241  0:000  17. [Rename XHCI to XHC (USB)]: pattern 58484349, bin not found / already patched!
11:241  0:000  18. [Rename XHC1 to XHC (USB)]: pattern 58484331, bin not found / already patched!
11:241  0:000  19. [Rename H_EC to EC (USB Power)]: pattern 485F4543, bin not found / already patched!
11:241  0:000  20. [Rename ECDV to EC (USB Power)]: pattern 45434456, bin not found / already patched!
11:241  0:000  21. [Rename LPC to LPCB (Power)]: pattern 4C50435F, bin not found / already patched!
11:241  0:000  22. [change AZAL to HDEF]: pattern 415A414C, bin not found / already patched!
11:241  0:000    0 replacements
11:241  0:000  Patching SSDT 85FC     Length=7007
11:241  0:000  0. [change HDAS to HDEF]: pattern 48444153, bin not found / already patched!
11:241  0:000  1. [change HECI to IMEI]: pattern 48454349, bin not found / already patched!
11:241  0:000  2. [change GFX0 to IGPU]: pattern 47465830, bin not found / already patched!
11:241  0:000  3. [Change _OSI to XOSI]: pattern 5F4F5349, bin not found / already patched!
11:241  0:000  4. [Change _DSM to XDSM]: pattern 5F44534D, bin not found / already patched!
11:241  0:000  5. [Change SAT0 to SATA]: pattern 53415430, bin not found / already patched!
11:241  0:000  6. [Change EC0 to EC]: pattern 4543305F, bin not found / already patched!
11:241  0:000  7. [Change Method(_Q11,0,N) to XQ11]: pattern 5F513131, bin not found / already patched!
11:241  0:000  8. [Change Method(_Q12,0,N) to XQ12]: pattern 5F513132, bin not found / already patched!
11:241  0:000  9. [Change Method(GPRW,2,N) to XPRW]: pattern 47505257, bin not found / already patched!
11:241  0:000  10. [change Method(_PTS,1,N) to ZPTS, pair with SSDT-PTSWAK.aml]: pattern 5F505453, bin not found / already patched!
11:241  0:000  11. [change Method(_WAK,1,S) to ZWAK, pair with SSDT-PTSWAK.aml]: pattern 5F57414B, bin not found / already patched!
11:241  0:000  12. [change _STA  to XSTA]: pattern 5F535441, bin not found / already patched!
11:241  0:000  13. [Rename EHC1 to EH01 (USB)]: pattern 45484331, bin not found / already patched!
11:241  0:000  14. [Rename EHC2 to EH02 (USB)]: pattern 45484332, bin not found / already patched!
11:241  0:000  15. [Rename EUSB to EH01 (USB)]: pattern 45555342, bin not found / already patched!
11:241  0:000  16. [Rename USBE to EH02 (USB)]: pattern 55534245, bin not found / already patched!
11:241  0:000  17. [Rename XHCI to XHC (USB)]: pattern 58484349, bin not found / already patched!
11:241  0:000  18. [Rename XHC1 to XHC (USB)]: pattern 58484331, bin not found / already patched!
11:241  0:000  19. [Rename H_EC to EC (USB Power)]: pattern 485F4543, bin not found / already patched!
11:241  0:000  20. [Rename ECDV to EC (USB Power)]: pattern 45434456, bin not found / already patched!
11:241  0:000  21. [Rename LPC to LPCB (Power)]: pattern 4C50435F, bin not found / already patched!
11:241  0:000  22. [change AZAL to HDEF]: pattern 415A414C, bin not found / already patched!
11:241  0:000    0 replacements
11:241  0:000  Found OperationRegion(PNVS, SystemMemory, 89EF2000, ...)
11:241  0:000  Patching SSDT 85FC     Length=245
11:241  0:000  0. [change HDAS to HDEF]: pattern 48444153, bin not found / already patched!
11:241  0:000  1. [change HECI to IMEI]: pattern 48454349, bin not found / already patched!
11:241  0:000  2. [change GFX0 to IGPU]: pattern 47465830, bin not found / already patched!
11:241  0:000  3. [Change _OSI to XOSI]: pattern 5F4F5349, bin not found / already patched!
11:241  0:000  4. [Change _DSM to XDSM]: pattern 5F44534D, bin not found / already patched!
11:241  0:000  5. [Change SAT0 to SATA]: pattern 53415430, bin not found / already patched!
11:241  0:000  6. [Change EC0 to EC]: pattern 4543305F, bin not found / already patched!
11:241  0:000  7. [Change Method(_Q11,0,N) to XQ11]: pattern 5F513131, bin not found / already patched!
11:241  0:000  8. [Change Method(_Q12,0,N) to XQ12]: pattern 5F513132, bin not found / already patched!
11:241  0:000  9. [Change Method(GPRW,2,N) to XPRW]: pattern 47505257, bin not found / already patched!
11:241  0:000  10. [change Method(_PTS,1,N) to ZPTS, pair with SSDT-PTSWAK.aml]: pattern 5F505453, bin not found / already patched!
11:241  0:000  11. [change Method(_WAK,1,S) to ZWAK, pair with SSDT-PTSWAK.aml]: pattern 5F57414B, bin not found / already patched!
11:241  0:000  12. [change _STA  to XSTA]: pattern 5F535441, bin not found / already patched!
11:241  0:000  13. [Rename EHC1 to EH01 (USB)]: pattern 45484331, bin not found / already patched!
11:241  0:000  14. [Rename EHC2 to EH02 (USB)]: pattern 45484332, bin not found / already patched!
11:241  0:000  15. [Rename EUSB to EH01 (USB)]: pattern 45555342, bin not found / already patched!
11:241  0:000  16. [Rename USBE to EH02 (USB)]: pattern 55534245, bin not found / already patched!
11:241  0:000  17. [Rename XHCI to XHC (USB)]: pattern 58484349, bin not found / already patched!
11:241  0:000  18. [Rename XHC1 to XHC (USB)]: pattern 58484331, bin not found / already patched!
11:241  0:000  19. [Rename H_EC to EC (USB Power)]: pattern 485F4543, bin not found / already patched!
11:241  0:000  20. [Rename ECDV to EC (USB Power)]: pattern 45434456, bin not found / already patched!
11:241  0:000  21. [Rename LPC to LPCB (Power)]: pattern 4C50435F, bin not found / already patched!
11:241  0:000  22. [change AZAL to HDEF]: pattern 415A414C, bin not found / already patched!
11:241  0:000    0 replacements
11:241  0:000  Found OperationRegion(COMP, SystemMemory, 89BF7698, ...)
11:241  0:000  Patching SSDT 85FC     Length=361
11:241  0:000  0. [change HDAS to HDEF]: pattern 48444153, bin not found / already patched!
11:241  0:000  1. [change HECI to IMEI]: pattern 48454349, bin not found / already patched!
11:241  0:000  2. [change GFX0 to IGPU]: pattern 47465830, bin not found / already patched!
11:241  0:000  3. [Change _OSI to XOSI]: pattern 5F4F5349, bin not found / already patched!
11:241  0:000  4. [Change _DSM to XDSM]: pattern 5F44534D, bin not found / already patched!
11:241  0:000  5. [Change SAT0 to SATA]: pattern 53415430, bin not found / already patched!
11:241  0:000  6. [Change EC0 to EC]: pattern 4543305F, bin not found / already patched!
11:241  0:000  7. [Change Method(_Q11,0,N) to XQ11]: pattern 5F513131, bin not found / already patched!
11:241  0:000  8. [Change Method(_Q12,0,N) to XQ12]: pattern 5F513132, bin not found / already patched!
11:241  0:000  9. [Change Method(GPRW,2,N) to XPRW]: pattern 47505257, bin not found / already patched!
11:241  0:000  10. [change Method(_PTS,1,N) to ZPTS, pair with SSDT-PTSWAK.aml]: pattern 5F505453, bin not found / already patched!
11:241  0:000  11. [change Method(_WAK,1,S) to ZWAK, pair with SSDT-PTSWAK.aml]: pattern 5F57414B, bin not found / already patched!
11:241  0:000  12. [change _STA  to XSTA]: pattern 5F535441, bin not found / already patched!
11:241  0:000  13. [Rename EHC1 to EH01 (USB)]: pattern 45484331, bin not found / already patched!
11:241  0:000  14. [Rename EHC2 to EH02 (USB)]: pattern 45484332, bin not found / already patched!
11:241  0:000  15. [Rename EUSB to EH01 (USB)]: pattern 45555342, bin not found / already patched!
11:241  0:000  16. [Rename USBE to EH02 (USB)]: pattern 55534245, bin not found / already patched!
11:241  0:000  17. [Rename XHCI to XHC (USB)]: pattern 58484349, bin not found / already patched!
11:241  0:000  18. [Rename XHC1 to XHC (USB)]: pattern 58484331, bin not found / already patched!
11:241  0:000  19. [Rename H_EC to EC (USB Power)]: pattern 485F4543, bin not found / already patched!
11:241  0:000  20. [Rename ECDV to EC (USB Power)]: pattern 45434456, bin not found / already patched!
11:241  0:000  21. [Rename LPC to LPCB (Power)]: pattern 4C50435F, bin not found / already patched!
11:241  0:000  22. [change AZAL to HDEF]: pattern 415A414C, bin not found / already patched!
11:241  0:000    0 replacements
11:241  0:000  Found OperationRegion(HOGN, SystemMemory, 89C3D000, ...)
11:241  0:000  Patching SSDT 85FC     Length=27671
11:241  0:000  0. [change HDAS to HDEF]: pattern 48444153, bin not found / already patched!
11:241  0:000  1. [change HECI to IMEI]: pattern 48454349, bin not found / already patched!
11:241  0:000  2. [change GFX0 to IGPU]: pattern 47465830, bin not found / already patched!
11:241  0:000  3. [Change _OSI to XOSI]: pattern 5F4F5349, bin not found / already patched!
11:241  0:000  4. [Change _DSM to XDSM]: pattern 5F44534D, bin not found / already patched!
11:241  0:000  5. [Change SAT0 to SATA]: pattern 53415430, bin not found / already patched!
11:241  0:000  6. [Change EC0 to EC]: pattern 4543305F, patched at: [ (33) (16) (7A) (16) (16) (16) (16) (16) (16) (16) (16) (16) (16) (16) (16) (16) (16) (16) (16) (16) (16) (16) (16) (16) (16) (16) (16) (16) (16) (16) (16) (16) (16) (16) (16) (16) (16) (16) (16) (16) (16) (16) (16) (16) (16) (16) (16) (16) (16) (16) (16) (16) (16) (16) (1D) (16) (16) (16) (16) (16) (16) (16) (16) (16) (16) (16) (16) (16) (16) (16) (16) (16) (16) (16) (16) (16) (16) (16) (16) (16) (16) (16) (16) (16) (16) (2ABE) (37) (16) (1A) (18) (32) (16) (1A) (18) (34) (16) (1A) (18) (31) (1F) (21) (1F) (21) (1E) (1F) (21) (1F) (21) (1F) (21) (1F) (21) (1F) (21) (1F) (21) (1F) (21) (1F) (21) (5E) (B5) (15) (67) (46) (1E) (1E) (1E) (1E) (1E) (1E) (1E) (1E) (1E) (1E) (1E) (1F) (21) (1F) (21) (1F) (21) (1F) (21) (1F) (21) (1F) (21) (1F) (21) (1F) (30) (17) (F0) (55) (64) (16) (1F) (16) (2E) (3A) (A3) (15) (15) (15) (D1) (1A) (2AD) (2D) (2E) (36) (3D) (32) (FB) (2E) (2E) (2E) (2E) (23) (F8) (18) (25) (18) (25) (18) (25) (18) (25) (18) (28) (16) (16) (16) (16) (16) (16C) (16) (14) (86) (15) (24) (1D) (1E) (98) (15) (15) (15) (23) (15) (15) (15) (23) (15) (15) (15) (23) (15) (15) (23) (15) (15) (15) (23) (15) (15) (15) (21) (17) (19) (21) (17) (19) (45) (2A) (1D) (49) (1C) (3AA) (1B) (E5) (42) (22) (5D) (20) (20) ]
11:241  0:000  7. [Change Method(_Q11,0,N) to XQ11]: pattern 5F513131, bin not found / already patched!
11:241  0:000  8. [Change Method(_Q12,0,N) to XQ12]: pattern 5F513132, bin not found / already patched!
11:242  0:000  9. [Change Method(GPRW,2,N) to XPRW]: pattern 47505257, bin not found / already patched!
11:242  0:000  10. [change Method(_PTS,1,N) to ZPTS, pair with SSDT-PTSWAK.aml]: pattern 5F505453, bin not found / already patched!
11:242  0:000  11. [change Method(_WAK,1,S) to ZWAK, pair with SSDT-PTSWAK.aml]: pattern 5F57414B, bin not found / already patched!
11:242  0:000  12. [change _STA  to XSTA]: pattern 5F535441, bin not found / already patched!
11:242  0:000  13. [Rename EHC1 to EH01 (USB)]: pattern 45484331, bin not found / already patched!
11:242  0:000  14. [Rename EHC2 to EH02 (USB)]: pattern 45484332, bin not found / already patched!
11:242  0:000  15. [Rename EUSB to EH01 (USB)]: pattern 45555342, bin not found / already patched!
11:242  0:000  16. [Rename USBE to EH02 (USB)]: pattern 55534245, bin not found / already patched!
11:242  0:000  17. [Rename XHCI to XHC (USB)]: pattern 58484349, bin not found / already patched!
11:242  0:000  18. [Rename XHC1 to XHC (USB)]: pattern 58484331, bin not found / already patched!
11:242  0:000  19. [Rename H_EC to EC (USB Power)]: pattern 485F4543, bin not found / already patched!
11:242  0:000  20. [Rename ECDV to EC (USB Power)]: pattern 45434456, bin not found / already patched!
11:242  0:000  21. [Rename LPC to LPCB (Power)]: pattern 4C50435F, bin not found / already patched!
11:242  0:000  22. [change AZAL to HDEF]: pattern 415A414C, bin not found / already patched!
11:242  0:000    0 replacements
11:242  0:000  Found OperationRegion(HNVS, SystemMemory, 89BF8000, ...)
11:242  0:000  Patching SSDT 85FC     Length=16640
11:242  0:000  0. [change HDAS to HDEF]: pattern 48444153, bin not found / already patched!
11:242  0:000  1. [change HECI to IMEI]: pattern 48454349, bin not found / already patched!
11:242  0:000  2. [change GFX0 to IGPU]: pattern 47465830, bin not found / already patched!
11:242  0:000  3. [Change _OSI to XOSI]: pattern 5F4F5349, bin not found / already patched!
11:242  0:000  4. [Change _DSM to XDSM]: pattern 5F44534D, patched at: [ (93C) ]
11:242  0:000  5. [Change SAT0 to SATA]: pattern 53415430, bin not found / already patched!
11:242  0:000  6. [Change EC0 to EC]: pattern 4543305F, patched at: [ (71C) (12) (16) (16) (16) (16) (16) (16) (16) (66) (36) (13) (1D) (13) (1C) (13) (4AF) (17) (2583) (87) (44) (1E2) (8B) (45) (1E2) (7F) (45) (211) ]
11:242  0:000  7. [Change Method(_Q11,0,N) to XQ11]: pattern 5F513131, bin not found / already patched!
11:242  0:000  8. [Change Method(_Q12,0,N) to XQ12]: pattern 5F513132, bin not found / already patched!
11:242  0:000  9. [Change Method(GPRW,2,N) to XPRW]: pattern 47505257, bin not found / already patched!
11:242  0:000  10. [change Method(_PTS,1,N) to ZPTS, pair with SSDT-PTSWAK.aml]: pattern 5F505453, bin not found / already patched!
11:242  0:000  11. [change Method(_WAK,1,S) to ZWAK, pair with SSDT-PTSWAK.aml]: pattern 5F57414B, bin not found / already patched!
11:242  0:000  12. [change _STA  to XSTA]: pattern 5F535441, patched at: [ (6BD) (2A9) (C24) (DFC) (F59) (D3) (2B9) (2AE) ]
11:242  0:000  13. [Rename EHC1 to EH01 (USB)]: pattern 45484331, bin not found / already patched!
11:242  0:000  14. [Rename EHC2 to EH02 (USB)]: pattern 45484332, bin not found / already patched!
11:243  0:000  15. [Rename EUSB to EH01 (USB)]: pattern 45555342, bin not found / already patched!
11:243  0:000  16. [Rename USBE to EH02 (USB)]: pattern 55534245, bin not found / already patched!
11:243  0:000  17. [Rename XHCI to XHC (USB)]: pattern 58484349, bin not found / already patched!
11:243  0:000  18. [Rename XHC1 to XHC (USB)]: pattern 58484331, bin not found / already patched!
11:243  0:000  19. [Rename H_EC to EC (USB Power)]: pattern 485F4543, patched at: [ (802) (16) (16) ]
11:243  0:000  20. [Rename ECDV to EC (USB Power)]: pattern 45434456, bin not found / already patched!
11:243  0:000  21. [Rename LPC to LPCB (Power)]: pattern 4C50435F, bin not found / already patched!
11:243  0:000  22. [change AZAL to HDEF]: pattern 415A414C, bin not found / already patched!
11:243  0:000    0 replacements
11:243  0:000  Patching SSDT 85FC     Length=3119
11:243  0:000  0. [change HDAS to HDEF]: pattern 48444153, bin not found / already patched!
11:243  0:000  1. [change HECI to IMEI]: pattern 48454349, bin not found / already patched!
11:243  0:000  2. [change GFX0 to IGPU]: pattern 47465830, bin not found / already patched!
11:243  0:000  3. [Change _OSI to XOSI]: pattern 5F4F5349, bin not found / already patched!
11:243  0:000  4. [Change _DSM to XDSM]: pattern 5F44534D, bin not found / already patched!
11:243  0:000  5. [Change SAT0 to SATA]: pattern 53415430, bin not found / already patched!
11:243  0:000  6. [Change EC0 to EC]: pattern 4543305F, bin not found / already patched!
11:243  0:000  7. [Change Method(_Q11,0,N) to XQ11]: pattern 5F513131, bin not found / already patched!
11:243  0:000  8. [Change Method(_Q12,0,N) to XQ12]: pattern 5F513132, bin not found / already patched!
11:243  0:000  9. [Change Method(GPRW,2,N) to XPRW]: pattern 47505257, bin not found / already patched!
11:243  0:000  10. [change Method(_PTS,1,N) to ZPTS, pair with SSDT-PTSWAK.aml]: pattern 5F505453, bin not found / already patched!
11:243  0:000  11. [change Method(_WAK,1,S) to ZWAK, pair with SSDT-PTSWAK.aml]: pattern 5F57414B, bin not found / already patched!
11:243  0:000  12. [change _STA  to XSTA]: pattern 5F535441, patched at: [ (A6) ]
11:243  0:000  13. [Rename EHC1 to EH01 (USB)]: pattern 45484331, bin not found / already patched!
11:243  0:000  14. [Rename EHC2 to EH02 (USB)]: pattern 45484332, bin not found / already patched!
11:243  0:000  15. [Rename EUSB to EH01 (USB)]: pattern 45555342, bin not found / already patched!
11:243  0:000  16. [Rename USBE to EH02 (USB)]: pattern 55534245, bin not found / already patched!
11:243  0:000  17. [Rename XHCI to XHC (USB)]: pattern 58484349, bin not found / already patched!
11:243  0:000  18. [Rename XHC1 to XHC (USB)]: pattern 58484331, bin not found / already patched!
11:243  0:000  19. [Rename H_EC to EC (USB Power)]: pattern 485F4543, bin not found / already patched!
11:243  0:000  20. [Rename ECDV to EC (USB Power)]: pattern 45434456, bin not found / already patched!
11:243  0:000  21. [Rename LPC to LPCB (Power)]: pattern 4C50435F, bin not found / already patched!
11:243  0:000  22. [change AZAL to HDEF]: pattern 415A414C, bin not found / already patched!
11:243  0:000    0 replacements
11:243  0:000  Patching SSDT 85FC     Length=5279
11:243  0:000  0. [change HDAS to HDEF]: pattern 48444153, bin not found / already patched!
11:243  0:000  1. [change HECI to IMEI]: pattern 48454349, bin not found / already patched!
11:243  0:000  2. [change GFX0 to IGPU]: pattern 47465830, bin not found / already patched!
11:243  0:000  3. [Change _OSI to XOSI]: pattern 5F4F5349, bin not found / already patched!
11:243  0:000  4. [Change _DSM to XDSM]: pattern 5F44534D, bin not found / already patched!
11:243  0:000  5. [Change SAT0 to SATA]: pattern 53415430, bin not found / already patched!
11:243  0:000  6. [Change EC0 to EC]: pattern 4543305F, bin not found / already patched!
11:243  0:000  7. [Change Method(_Q11,0,N) to XQ11]: pattern 5F513131, bin not found / already patched!
11:243  0:000  8. [Change Method(_Q12,0,N) to XQ12]: pattern 5F513132, bin not found / already patched!
11:243  0:000  9. [Change Method(GPRW,2,N) to XPRW]: pattern 47505257, bin not found / already patched!
11:243  0:000  10. [change Method(_PTS,1,N) to ZPTS, pair with SSDT-PTSWAK.aml]: pattern 5F505453, bin not found / already patched!
11:243  0:000  11. [change Method(_WAK,1,S) to ZWAK, pair with SSDT-PTSWAK.aml]: pattern 5F57414B, bin not found / already patched!
11:243  0:000  12. [change _STA  to XSTA]: pattern 5F535441, bin not found / already patched!
11:243  0:000  13. [Rename EHC1 to EH01 (USB)]: pattern 45484331, bin not found / already patched!
11:243  0:000  14. [Rename EHC2 to EH02 (USB)]: pattern 45484332, bin not found / already patched!
11:243  0:000  15. [Rename EUSB to EH01 (USB)]: pattern 45555342, bin not found / already patched!
11:243  0:000  16. [Rename USBE to EH02 (USB)]: pattern 55534245, bin not found / already patched!
11:243  0:000  17. [Rename XHCI to XHC (USB)]: pattern 58484349, bin not found / already patched!
11:243  0:000  18. [Rename XHC1 to XHC (USB)]: pattern 58484331, bin not found / already patched!
11:243  0:000  19. [Rename H_EC to EC (USB Power)]: pattern 485F4543, bin not found / already patched!
11:243  0:000  20. [Rename ECDV to EC (USB Power)]: pattern 45434456, bin not found / already patched!
11:243  0:000  21. [Rename LPC to LPCB (Power)]: pattern 4C50435F, bin not found / already patched!
11:243  0:000  22. [change AZAL to HDEF]: pattern 415A414C, bin not found / already patched!
11:243  0:000    0 replacements
11:243  0:000  Patching SSDT 85FC     Length=6603
11:243  0:000  0. [change HDAS to HDEF]: pattern 48444153, bin not found / already patched!
11:243  0:000  1. [change HECI to IMEI]: pattern 48454349, bin not found / already patched!
11:243  0:000  2. [change GFX0 to IGPU]: pattern 47465830, bin not found / already patched!
11:243  0:000  3. [Change _OSI to XOSI]: pattern 5F4F5349, bin not found / already patched!
11:243  0:000  4. [Change _DSM to XDSM]: pattern 5F44534D, patched at: [ (D4F) ]
11:243  0:000  5. [Change SAT0 to SATA]: pattern 53415430, bin not found / already patched!
11:243  0:000  6. [Change EC0 to EC]: pattern 4543305F, patched at: [ (24) (16) (16) (16) (16) (16) (16) (16) (16) (16) (16) (16) (16) (16) (16) (16) (16) (16) (16) (16) (16) (16) (16) (16) (16) (16) (16) (16) (16) (16) (16) (16) (16) (16) (16) (16) (16) (16) (16) (16) (16) (16) (16) (16) (16) (16) (8ED) (18) (13) (18) (13) (18) (13) (18) (13) (18) (13) (18) (13) (18) (13) (18) (13) (18) (13) (18) (13) (18) (13) (18) (13) (18) (13) (18) (13) (18) (13) (18) (13) (18) (13) (18) (13) (18) (13) (18) (13) (18) (13) (18) (13) (18) (13) (18) (80) (14) (18) (14) (18) (14) (18) (14) (18) (14) (18) (14) (18) (14) (18) (14) (18) (14) (18) (14) (18) (14) (18) (14) (18) (14) (18) (14) (18) (14) (18) (14) (18) (14) (18) (14) (18) (14) (18) (14) ]
11:243  0:000  7. [Change Method(_Q11,0,N) to XQ11]: pattern 5F513131, bin not found / already patched!
11:243  0:000  8. [Change Method(_Q12,0,N) to XQ12]: pattern 5F513132, bin not found / already patched!
11:243  0:000  9. [Change Method(GPRW,2,N) to XPRW]: pattern 47505257, bin not found / already patched!
11:243  0:000  10. [change Method(_PTS,1,N) to ZPTS, pair with SSDT-PTSWAK.aml]: pattern 5F505453, bin not found / already patched!
11:243  0:000  11. [change Method(_WAK,1,S) to ZWAK, pair with SSDT-PTSWAK.aml]: pattern 5F57414B, bin not found / already patched!
11:243  0:000  12. [change _STA  to XSTA]: pattern 5F535441, patched at: [ (BCD) ]
11:243  0:000  13. [Rename EHC1 to EH01 (USB)]: pattern 45484331, bin not found / already patched!
11:243  0:000  14. [Rename EHC2 to EH02 (USB)]: pattern 45484332, bin not found / already patched!
11:243  0:000  15. [Rename EUSB to EH01 (USB)]: pattern 45555342, bin not found / already patched!
11:243  0:000  16. [Rename USBE to EH02 (USB)]: pattern 55534245, bin not found / already patched!
11:243  0:000  17. [Rename XHCI to XHC (USB)]: pattern 58484349, bin not found / already patched!
11:243  0:000  18. [Rename XHC1 to XHC (USB)]: pattern 58484331, bin not found / already patched!
11:243  0:000  19. [Rename H_EC to EC (USB Power)]: pattern 485F4543, patched at: [ (5C2) (16) (16) (A6) (118F) (18) (4E) (1C) (2C) (1C) (1E) (1C) (1A) ]
11:243  0:000  20. [Rename ECDV to EC (USB Power)]: pattern 45434456, bin not found / already patched!
11:243  0:000  21. [Rename LPC to LPCB (Power)]: pattern 4C50435F, bin not found / already patched!
11:243  0:000  22. [change AZAL to HDEF]: pattern 415A414C, bin not found / already patched!
11:243  0:000    0 replacements
11:243  0:000  Found OperationRegion(USMM, SystemMemory, FC7E0D80, ...)
11:243  0:000  Patching SSDT 85FC     Length=394
11:243  0:000  0. [change HDAS to HDEF]: pattern 48444153, bin not found / already patched!
11:243  0:000  1. [change HECI to IMEI]: pattern 48454349, bin not found / already patched!
11:243  0:000  2. [change GFX0 to IGPU]: pattern 47465830, bin not found / already patched!
11:243  0:000  3. [Change _OSI to XOSI]: pattern 5F4F5349, bin not found / already patched!
11:243  0:000  4. [Change _DSM to XDSM]: pattern 5F44534D, bin not found / already patched!
11:243  0:000  5. [Change SAT0 to SATA]: pattern 53415430, bin not found / already patched!
11:243  0:000  6. [Change EC0 to EC]: pattern 4543305F, bin not found / already patched!
11:243  0:000  7. [Change Method(_Q11,0,N) to XQ11]: pattern 5F513131, bin not found / already patched!
11:243  0:000  8. [Change Method(_Q12,0,N) to XQ12]: pattern 5F513132, bin not found / already patched!
11:243  0:000  9. [Change Method(GPRW,2,N) to XPRW]: pattern 47505257, bin not found / already patched!
11:243  0:000  10. [change Method(_PTS,1,N) to ZPTS, pair with SSDT-PTSWAK.aml]: pattern 5F505453, bin not found / already patched!
11:243  0:000  11. [change Method(_WAK,1,S) to ZWAK, pair with SSDT-PTSWAK.aml]: pattern 5F57414B, bin not found / already patched!
11:243  0:000  12. [change _STA  to XSTA]: pattern 5F535441, patched at: [ (66) (91) ]
11:243  0:000  13. [Rename EHC1 to EH01 (USB)]: pattern 45484331, bin not found / already patched!
11:243  0:000  14. [Rename EHC2 to EH02 (USB)]: pattern 45484332, bin not found / already patched!
11:243  0:000  15. [Rename EUSB to EH01 (USB)]: pattern 45555342, bin not found / already patched!
11:243  0:000  16. [Rename USBE to EH02 (USB)]: pattern 55534245, bin not found / already patched!
11:243  0:000  17. [Rename XHCI to XHC (USB)]: pattern 58484349, bin not found / already patched!
11:243  0:000  18. [Rename XHC1 to XHC (USB)]: pattern 58484331, bin not found / already patched!
11:243  0:000  19. [Rename H_EC to EC (USB Power)]: pattern 485F4543, bin not found / already patched!
11:243  0:000  20. [Rename ECDV to EC (USB Power)]: pattern 45434456, bin not found / already patched!
11:243  0:000  21. [Rename LPC to LPCB (Power)]: pattern 4C50435F, bin not found / already patched!
11:243  0:000  22. [change AZAL to HDEF]: pattern 415A414C, bin not found / already patched!
11:243  0:000    0 replacements
11:243  0:000  Patching SSDT 85FC     Length=3902
11:244  0:000  0. [change HDAS to HDEF]: pattern 48444153, bin not found / already patched!
11:244  0:000  1. [change HECI to IMEI]: pattern 48454349, bin not found / already patched!
11:244  0:000  2. [change GFX0 to IGPU]: pattern 47465830, bin not found / already patched!
11:244  0:000  3. [Change _OSI to XOSI]: pattern 5F4F5349, bin not found / already patched!
11:244  0:000  4. [Change _DSM to XDSM]: pattern 5F44534D, bin not found / already patched!
11:244  0:000  5. [Change SAT0 to SATA]: pattern 53415430, bin not found / already patched!
11:244  0:000  6. [Change EC0 to EC]: pattern 4543305F, bin not found / already patched!
11:244  0:000  7. [Change Method(_Q11,0,N) to XQ11]: pattern 5F513131, bin not found / already patched!
11:244  0:000  8. [Change Method(_Q12,0,N) to XQ12]: pattern 5F513132, bin not found / already patched!
11:244  0:000  9. [Change Method(GPRW,2,N) to XPRW]: pattern 47505257, bin not found / already patched!
11:244  0:000  10. [change Method(_PTS,1,N) to ZPTS, pair with SSDT-PTSWAK.aml]: pattern 5F505453, bin not found / already patched!
11:244  0:000  11. [change Method(_WAK,1,S) to ZWAK, pair with SSDT-PTSWAK.aml]: pattern 5F57414B, bin not found / already patched!
11:244  0:000  12. [change _STA  to XSTA]: pattern 5F535441, patched at: [ (265) (9D) (9D) (9E) (9E) ]
11:244  0:000  13. [Rename EHC1 to EH01 (USB)]: pattern 45484331, bin not found / already patched!
11:244  0:000  14. [Rename EHC2 to EH02 (USB)]: pattern 45484332, bin not found / already patched!
11:244  0:000  15. [Rename EUSB to EH01 (USB)]: pattern 45555342, bin not found / already patched!
11:244  0:000  16. [Rename USBE to EH02 (USB)]: pattern 55534245, bin not found / already patched!
11:244  0:000  17. [Rename XHCI to XHC (USB)]: pattern 58484349, bin not found / already patched!
11:244  0:000  18. [Rename XHC1 to XHC (USB)]: pattern 58484331, bin not found / already patched!
11:244  0:000  19. [Rename H_EC to EC (USB Power)]: pattern 485F4543, bin not found / already patched!
11:244  0:000  20. [Rename ECDV to EC (USB Power)]: pattern 45434456, bin not found / already patched!
11:244  0:000  21. [Rename LPC to LPCB (Power)]: pattern 4C50435F, bin not found / already patched!
11:244  0:000  22. [change AZAL to HDEF]: pattern 415A414C, bin not found / already patched!
11:244  0:000    0 replacements
11:244  0:000  Patching SSDT 85FC     Length=9618
11:244  0:000  0. [change HDAS to HDEF]: pattern 48444153, bin not found / already patched!
11:244  0:000  1. [change HECI to IMEI]: pattern 48454349, bin not found / already patched!
11:244  0:000  2. [change GFX0 to IGPU]: pattern 47465830, patched at: [ (55) (5E) (12) (12) (12) (12) (12) (12) (12) (12) (12) (12) (12) (12) (12) (12) (12) (12) (12) (65A) (50) (2DD) (41B) ]
11:244  0:000  3. [Change _OSI to XOSI]: pattern 5F4F5349, bin not found / already patched!
11:244  0:000  4. [Change _DSM to XDSM]: pattern 5F44534D, patched at: [ (1A80) ]
11:244  0:000  5. [Change SAT0 to SATA]: pattern 53415430, bin not found / already patched!
11:244  0:000  6. [Change EC0 to EC]: pattern 4543305F, patched at: [ (356) (16) (16) (101) (16) (958) ]
11:244  0:000  7. [Change Method(_Q11,0,N) to XQ11]: pattern 5F513131, bin not found / already patched!
11:244  0:000  8. [Change Method(_Q12,0,N) to XQ12]: pattern 5F513132, bin not found / already patched!
11:244  0:000  9. [Change Method(GPRW,2,N) to XPRW]: pattern 47505257, bin not found / already patched!
11:244  0:000  10. [change Method(_PTS,1,N) to ZPTS, pair with SSDT-PTSWAK.aml]: pattern 5F505453, bin not found / already patched!
11:244  0:000  11. [change Method(_WAK,1,S) to ZWAK, pair with SSDT-PTSWAK.aml]: pattern 5F57414B, bin not found / already patched!
11:244  0:000  12. [change _STA  to XSTA]: pattern 5F535441, patched at: [ (1670) ]
11:244  0:000  13. [Rename EHC1 to EH01 (USB)]: pattern 45484331, bin not found / already patched!
11:244  0:000  14. [Rename EHC2 to EH02 (USB)]: pattern 45484332, bin not found / already patched!
11:244  0:000  15. [Rename EUSB to EH01 (USB)]: pattern 45555342, bin not found / already patched!
11:244  0:000  16. [Rename USBE to EH02 (USB)]: pattern 55534245, bin not found / already patched!
11:244  0:000  17. [Rename XHCI to XHC (USB)]: pattern 58484349, bin not found / already patched!
11:244  0:000  18. [Rename XHC1 to XHC (USB)]: pattern 58484331, bin not found / already patched!
11:244  0:000  19. [Rename H_EC to EC (USB Power)]: pattern 485F4543, bin not found / already patched!
11:244  0:000  20. [Rename ECDV to EC (USB Power)]: pattern 45434456, bin not found / already patched!
11:244  0:000  21. [Rename LPC to LPCB (Power)]: pattern 4C50435F, bin not found / already patched!
11:244  0:000  22. [change AZAL to HDEF]: pattern 415A414C, bin not found / already patched!
11:244  0:000    0 replacements
11:244  0:000  Found OperationRegion(VBOR, SystemMemory, 89B98018, ...)
11:244  0:000  Found OperationRegion(SGOP, SystemMemory, 88F8D018, ...)
11:244  0:000  Found OperationRegion(NOPR, SystemMemory, 89B95018, ...)
11:244  0:000  Patching SSDT 85FC     Length=353
11:244  0:000  0. [change HDAS to HDEF]: pattern 48444153, bin not found / already patched!
11:244  0:000  1. [change HECI to IMEI]: pattern 48454349, bin not found / already patched!
11:244  0:000  2. [change GFX0 to IGPU]: pattern 47465830, bin not found / already patched!
11:244  0:000  3. [Change _OSI to XOSI]: pattern 5F4F5349, bin not found / already patched!
11:244  0:000  4. [Change _DSM to XDSM]: pattern 5F44534D, bin not found / already patched!
11:244  0:000  5. [Change SAT0 to SATA]: pattern 53415430, bin not found / already patched!
11:244  0:000  6. [Change EC0 to EC]: pattern 4543305F, bin not found / already patched!
11:244  0:000  7. [Change Method(_Q11,0,N) to XQ11]: pattern 5F513131, bin not found / already patched!
11:244  0:000  8. [Change Method(_Q12,0,N) to XQ12]: pattern 5F513132, bin not found / already patched!
11:244  0:000  9. [Change Method(GPRW,2,N) to XPRW]: pattern 47505257, bin not found / already patched!
11:244  0:000  10. [change Method(_PTS,1,N) to ZPTS, pair with SSDT-PTSWAK.aml]: pattern 5F505453, bin not found / already patched!
11:244  0:000  11. [change Method(_WAK,1,S) to ZWAK, pair with SSDT-PTSWAK.aml]: pattern 5F57414B, bin not found / already patched!
11:244  0:000  12. [change _STA  to XSTA]: pattern 5F535441, bin not found / already patched!
11:244  0:000  13. [Rename EHC1 to EH01 (USB)]: pattern 45484331, bin not found / already patched!
11:244  0:000  14. [Rename EHC2 to EH02 (USB)]: pattern 45484332, bin not found / already patched!
11:244  0:000  15. [Rename EUSB to EH01 (USB)]: pattern 45555342, bin not found / already patched!
11:244  0:000  16. [Rename USBE to EH02 (USB)]: pattern 55534245, bin not found / already patched!
11:244  0:000  17. [Rename XHCI to XHC (USB)]: pattern 58484349, bin not found / already patched!
11:244  0:000  18. [Rename XHC1 to XHC (USB)]: pattern 58484331, bin not found / already patched!
11:244  0:000  19. [Rename H_EC to EC (USB Power)]: pattern 485F4543, bin not found / already patched!
11:244  0:000  20. [Rename ECDV to EC (USB Power)]: pattern 45434456, bin not found / already patched!
11:244  0:000  21. [Rename LPC to LPCB (Power)]: pattern 4C50435F, bin not found / already patched!
11:244  0:000  22. [change AZAL to HDEF]: pattern 415A414C, bin not found / already patched!
11:244  0:000    0 replacements
11:244  0:000  === [ ACPIPatchedAML ] ====================================
11:244  0:000  AutoMerge pass 2
11:244  0:000  Unsorted
11:244  0:000  Inserting SSDT-pav15.aml from EFI\CLOVER\ACPI\patched: size=2262 ... Success
11:244  0:000  Inserting SSDT-NVME.aml from EFI\CLOVER\ACPI\patched: size=134 ... Success
11:245  0:000  ApicCPUNum=8
11:245  0:000  Maximum control=0x18
11:245  0:000  Turbo control=0x29
11:245  0:000  P-States: min 0x7, max 0x29
11:245  0:000  SSDT with CPU P-States and plugin-type generated successfully
11:245  0:000  SSDT with CPU C-States generated successfully
11:245  0:000  Cleanup XSDT: count=37, length=332
11:245  0:000  corrected XSDT count=36, length=324
11:245  0:000  === [ RestSetup macOS ] ===================================
11:245  0:000  EdidDiscovered size=128
11:245  0:000  --- Discovered EDID Table size:128
11:245  0:000  000  |  00  FF  FF  FF  FF  FF  FF  00  06  AF
11:245  0:000  010  |  ED  20  00  00  00  00  00  1C  01  04
11:245  0:000  020  |  95  22  13  78  03  B0  E5  94  58  5A
11:245  0:000  030  |  92  28  21  50  54  00  00  00  01  01
11:245  0:000  040  |  01  01  01  01  01  01  01  01  01  01
11:245  0:000  050  |  01  01  01  01  14  37  80  B4  70  38
11:245  0:000  060  |  26  40  6C  30  AA  00  58  C2  10  00
11:245  0:000  070  |  00  18  B8  24  80  B4  70  38  26  40
11:245  0:000  080  |  6C  30  AA  00  58  C2  10  00  00  18
11:245  0:000  090  |  00  00  00  00  00  00  00  00  00  00
11:245  0:000  100  |  00  00  00  00  00  00  00  00  00  00
11:245  0:000  110  |  00  02  00  10  36  FF  0F  3C  96  16
11:245  0:000  120  |  12  2D  96  20  20  20  00  46
11:245  0:000  add device: PciRoot(0x0)/Pci(0x2,0x0)
11:245  0:000     Add key=model valuelen=23
11:245  0:000     Add key=framebuffer-unifiedmem valuelen=4
11:245  0:000     Add key=framebuffer-stolenmem valuelen=4
11:245  0:000     Add key=framebuffer-portcount valuelen=4
11:245  0:000     Add key=framebuffer-patch-enable valuelen=4
11:245  0:000     Add key=framebuffer-fbmem valuelen=4
11:245  0:000     Add key=framebuffer-con2-index valuelen=4
11:245  0:000     Add key=framebuffer-con2-enable valuelen=4
11:245  0:000     Add key=framebuffer-con1-type valuelen=4
11:245  0:000     Add key=framebuffer-con1-enable valuelen=4
11:245  0:000     Add key=enable-hdmi20 valuelen=4
11:245  0:000     Add key=disable-external-gpu valuelen=4
11:245  0:000     Add key=device_type valuelen=26
11:245  0:000     Add key=AAPL,slot-name valuelen=15
11:245  0:000     Add key=AAPL,ig-platform-id valuelen=4
11:245  0:000     Add key=AAPL,GfxYTile valuelen=4
11:245  0:000  add device: PciRoot(0x0)/Pci(0x1F,0x3)
11:245  0:000     Add key=model valuelen=58
11:245  0:000     Add key=layout-id valuelen=4
11:245  0:000     Add key=hda-gfx valuelen=10
11:245  0:000     Add key=device_type valuelen=13
11:245  0:000     Add key=AAPL,slot-name valuelen=16
11:245  0:000  NVidia GFX injection not set
11:245  0:000  Intel GFX injection not set
11:247  0:001   RCBA disabled; cannot use it
11:247  0:000  stringlength = 3040
11:247  0:000  CurrentMode: Width=1920 Height=1080
11:247  0:000  Beginning FSInjection
FSInjectionInstall ...
- Our FSI_SIMPLE_FILE_SYSTEM_PROTOCOL installed on handle: 777D1F98
FSInjectionInstall ...
- Our FSI_SIMPLE_FILE_SYSTEM_PROTOCOL installed on handle: 777D1F98
11:250  0:002  Use origin smbios table type 1 guid.
11:250  0:000  Using QEMU FrontSideBus=2402999960ll
11:250  0:000    Force kext: System\Library\Extensions\IONetworkingFamily.kext
11:267  0:016      Force PlugIn kext: System\Library\Extensions\IONetworkingFamily.kext\Contents\PlugIns\AppleEthernetAquantiaAqtion.kext
11:284  0:016      Force PlugIn kext: System\Library\Extensions\IONetworkingFamily.kext\Contents\PlugIns\AppleBCM5701Ethernet.kext
11:302  0:018      Force PlugIn kext: System\Library\Extensions\IONetworkingFamily.kext\Contents\PlugIns\AppleIntelI210Ethernet.kext
11:317  0:014      Force PlugIn kext: System\Library\Extensions\IONetworkingFamily.kext\Contents\PlugIns\Intel82574L.kext
11:331  0:013      Force PlugIn kext: System\Library\Extensions\IONetworkingFamily.kext\Contents\PlugIns\IOEthernetAVBController.kext
11:339  0:008      Force PlugIn kext: System\Library\Extensions\IONetworkingFamily.kext\Contents\PlugIns\AppleEthernetAquantiaAqtionFirmware.kext
11:349  0:010      Force PlugIn kext: System\Library\Extensions\IONetworkingFamily.kext\Contents\PlugIns\AppleIntel8254XEthernet.kext
11:361  0:011      Force PlugIn kext: System\Library\Extensions\IONetworkingFamily.kext\Contents\PlugIns\AppleVmxnet3Ethernet.kext
11:372  0:011      Force PlugIn kext: System\Library\Extensions\IONetworkingFamily.kext\Contents\PlugIns\mDNSOffloadUserClient.kext
11:380  0:008  Preparing kexts injection for arch=x86_64 from EFI\CLOVER\kexts\Other
11:380  0:000  Extra kext: EFI\CLOVER\kexts\Other\WhateverGreen.kext (v.1.3.7)
11:395  0:014  Extra kext: EFI\CLOVER\kexts\Other\VoodooTSCSync_Release_v1.5.0.kext (v.1.5.0)
11:404  0:009  Extra kext: EFI\CLOVER\kexts\Other\VoodooPS2Controller.kext (v.2.1.0)
11:416  0:012    |-- PlugIn kext: EFI\CLOVER\kexts\Other\VoodooPS2Controller.kext\Contents\PlugIns\VoodooPS2Trackpad.kext.dSYM (v.2.1.0)
11:418  0:002    |-- PlugIn kext: EFI\CLOVER\kexts\Other\VoodooPS2Controller.kext\Contents\PlugIns\VoodooPS2Trackpad.kext (v.2.1.0)
11:434  0:015    |-- PlugIn kext: EFI\CLOVER\kexts\Other\VoodooPS2Controller.kext\Contents\PlugIns\VoodooPS2Mouse.kext.dSYM (v.2.1.0)
11:436  0:002    |-- PlugIn kext: EFI\CLOVER\kexts\Other\VoodooPS2Controller.kext\Contents\PlugIns\VoodooPS2Mouse.kext (v.2.1.0)
11:446  0:010    |-- PlugIn kext: EFI\CLOVER\kexts\Other\VoodooPS2Controller.kext\Contents\PlugIns\VoodooPS2Keyboard.kext.dSYM (v.2.1.0)
11:449  0:002    |-- PlugIn kext: EFI\CLOVER\kexts\Other\VoodooPS2Controller.kext\Contents\PlugIns\VoodooPS2Keyboard.kext (v.2.1.0)
11:465  0:016  Extra kext: EFI\CLOVER\kexts\Other\VoodooInput.kext (v.1.0.3)
11:474  0:009  Extra kext: EFI\CLOVER\kexts\Other\VoodooI2CHID.kext (v.1)
11:493  0:018  Extra kext: EFI\CLOVER\kexts\Other\VoodooI2C.kext (v.2.3)
11:514  0:021    |-- PlugIn kext: EFI\CLOVER\kexts\Other\VoodooI2C.kext\Contents\PlugIns\VoodooI2CServices.kext (v.1)
11:524  0:009    |-- PlugIn kext: EFI\CLOVER\kexts\Other\VoodooI2C.kext\Contents\PlugIns\VoodooGPIO.kext (v.1.1)
11:535  0:011  Extra kext: EFI\CLOVER\kexts\Other\VirtualSMC.kext (v.1.1.1)
11:553  0:017  Extra kext: EFI\CLOVER\kexts\Other\USBInjectAll.kext (v.0.7.5)
12:012  0:459  Extra kext: EFI\CLOVER\kexts\Other\SMCSuperIO.kext (v.1.1.1)
12:025  0:013  Extra kext: EFI\CLOVER\kexts\Other\SMCProcessor.kext (v.1.1.1)
12:038  0:013  Extra kext: EFI\CLOVER\kexts\Other\RTCMemoryFixup.kext (v.1.0.4)
12:050  0:011  Extra kext: EFI\CLOVER\kexts\Other\RealtekRTL8111_Release_v2.2.2.kext (v.2.2.2)
12:062  0:011  Extra kext: EFI\CLOVER\kexts\Other\NoTouchID.kext (v.1.0.3)
12:073  0:010  Extra kext: EFI\CLOVER\kexts\Other\LiluFriend.kext (v.1.1.0)
12:083  0:010  Extra kext: EFI\CLOVER\kexts\Other\Lilu.kext (v.1.4.2)
12:096  0:012  Extra kext: EFI\CLOVER\kexts\Other\IntelBluetoothInjector.kext (v.1.0.3)
12:112  0:016  Extra kext: EFI\CLOVER\kexts\Other\IntelBluetoothFirmware.kext (v.1.0.3)
12:139  0:027  Extra kext: EFI\CLOVER\kexts\Other\HoRNDIS.kext (v.6)
12:152  0:012  Extra kext: EFI\CLOVER\kexts\Other\HackrNVMeFamily-10_12_6_sec2018-001.kext (v.92.1.0)
12:165  0:013  Extra kext: EFI\CLOVER\kexts\Other\DisableTurboBoostBattery.kext (v.2)
12:175  0:009  Extra kext: EFI\CLOVER\kexts\Other\CPUFriendDataProvider.kext (v.1.0.0)
12:234  0:059  Extra kext: EFI\CLOVER\kexts\Other\CPUFriend.kext (v.1.2.0)
12:249  0:014  Extra kext: EFI\CLOVER\kexts\Other\BT4LEContiunityFixup_Release_v1.1.2.kext (v.1.1.2)
12:261  0:012  Extra kext: EFI\CLOVER\kexts\Other\BrcmPatchRAM2_Release_v.2.2.10.kext.kext (v.2.2.10)
12:433  0:172  Extra kext: EFI\CLOVER\kexts\Other\BrcmFirmwareRepo_Release_v.2.2.10.kext (v.2.2.10)
12:444  0:010  Extra kext: EFI\CLOVER\kexts\Other\AppleALC.kext (v.1.4.7)
13:433  0:989  Extra kext: EFI\CLOVER\kexts\Other\AirportBrcmFixup_Release_v2.0.0.kext (v.2.0.0)
13:460  0:027  Extra kext: EFI\CLOVER\kexts\Other\AirportBrcmFixup.kext (v.2.0.6)
13:488  0:027  Extra kext: EFI\CLOVER\kexts\Other\AHCI_Intel_Generic_SATA.kext (v.0.5)
13:504  0:016  Extra kext: EFI\CLOVER\kexts\Other\AHCI_3rdParty_SATA.kext (v.0.5)
13:566  0:061  Extra kext: EFI\CLOVER\kexts\Other\ACPIBatteryManager.kext (v.1.90.1)
13:592  0:026  SetStartupDiskVolume:
13:592  0:000    * Volume: 'Macintosh HD'
13:592  0:000    * LoaderPath: '<null string>'
13:592  0:000    * DevPath: Macintosh HD
13:592  0:000    * GUID = 399E5D6B-E792-468C-6A35-7D83569C3704
13:592  0:000    * efi-boot-device: <array><dict><key>IOMatch</key><dict><key>IOProviderClass</key><string>IOMedia</string><key>IOPropertyMatch</key><dict><key>UUID</key><string>399E5D6B-E792-468C-6A35-7D83569C3704</string></dict></dict></dict></array>
13:593  0:000  SetScreenResolution: 1920x1080 - already set
13:593  0:000  Custom boot is using theme logo
13:593  0:000  Closing log
